<?xml version="1.0" encoding="UTF-8"?>
<!-- Generated by org.testng.reporters.JUnitReportReporter -->
<testsuite skipped="0" hostname="DESKTOP-6T9AHA3" name="windowSizeAndPosition.WindowSizeAndPosition" tests="2" failures="0" timestamp="2023-05-04T11:38:29 EDT" time="4.436" errors="0">
  <testcase name="setGetWinSize" time="2.290" classname="windowSizeAndPosition.WindowSizeAndPosition"/>
  <system-out/>
  <testcase name="setGetWinPosition" time="2.146" classname="windowSizeAndPosition.WindowSizeAndPosition"/>
  <system-out/>
</testsuite> <!-- windowSizeAndPosition.WindowSizeAndPosition -->
