<?xml version="1.0" encoding="UTF-8"?>
<!-- Generated by org.testng.reporters.JUnitReportReporter -->
<testsuite skipped="0" hostname="DESKTOP-6T9AHA3" name="mouseAndKeyboardEvents.MouseHoverTest" tests="1" failures="0" timestamp="2023-05-04T15:27:07 EDT" time="9.084" errors="0">
  <testcase name="test_mouse_hover" time="9.084" classname="mouseAndKeyboardEvents.MouseHoverTest"/>
  <system-out/>
</testsuite> <!-- mouseAndKeyboardEvents.MouseHoverTest -->
