<?xml version="1.0" encoding="UTF-8"?>
<!-- Generated by org.testng.reporters.JUnitReportReporter -->
<testsuite skipped="0" hostname="DESKTOP-6T9AHA3" name="mouseAndKeyboardEvents.DragAndDrop" tests="2" failures="0" timestamp="2023-05-04T13:17:28 EDT" time="22.460" errors="0">
  <testcase name="test_drag_drop" time="12.712" classname="mouseAndKeyboardEvents.DragAndDrop"/>
  <system-out/>
  <testcase name="test_drag_drop_by" time="9.748" classname="mouseAndKeyboardEvents.DragAndDrop"/>
  <system-out/>
</testsuite> <!-- mouseAndKeyboardEvents.DragAndDrop -->
