<?xml version="1.0" encoding="UTF-8"?>
<!-- Generated by org.testng.reporters.JUnitReportReporter -->
<testsuite skipped="0" hostname="DESKTOP-6T9AHA3" name="mouseAndKeyboardEvents.ClickAndDoubleClickTest" tests="2" failures="0" timestamp="2023-05-09T13:37:01 EDT" time="25.279" errors="0">
  <testcase name="testClick" time="15.396" classname="mouseAndKeyboardEvents.ClickAndDoubleClickTest"/>
  <system-out/>
  <testcase name="test_double_click" time="9.883" classname="mouseAndKeyboardEvents.ClickAndDoubleClickTest"/>
  <system-out/>
</testsuite> <!-- mouseAndKeyboardEvents.ClickAndDoubleClickTest -->
