<?xml version="1.0" encoding="UTF-8"?>
<!-- Generated by org.testng.reporters.JUnitReportReporter -->
<testsuite skipped="0" hostname="DESKTOP-6T9AHA3" name="javascriptExecutor.GenerateAlert" tests="1" failures="0" timestamp="2023-05-09T13:35:56 EDT" time="2.064" errors="0">
  <testcase name="generateAlert" time="2.064" classname="javascriptExecutor.GenerateAlert"/>
  <system-out/>
</testsuite> <!-- javascriptExecutor.GenerateAlert -->
