<?xml version="1.0" encoding="UTF-8"?>
<!-- Generated by org.testng.reporters.JUnitReportReporter -->
<testsuite skipped="0" hostname="DESKTOP-6T9AHA3" name="webelementMethods.ExampleWebEleMethods" tests="1" failures="0" timestamp="2023-05-04T11:37:09 EDT" time="3.677" errors="0">
  <testcase name="testWebElementMethods" time="3.677" classname="webelementMethods.ExampleWebEleMethods"/>
  <system-out/>
</testsuite> <!-- webelementMethods.ExampleWebEleMethods -->
