<?xml version="1.0" encoding="UTF-8"?>
<!-- Generated by org.testng.reporters.JUnitReportReporter -->
<testsuite skipped="0" hostname="DESKTOP-6T9AHA3" name="openingNewTab.OpenATab" tests="1" failures="0" timestamp="2023-05-09T14:06:22 EDT" time="5.330" errors="0">
  <testcase name="testTAB" time="5.330" classname="openingNewTab.OpenATab"/>
  <system-out/>
</testsuite> <!-- openingNewTab.OpenATab -->
