<?xml version="1.0" encoding="UTF-8"?>
<!-- Generated by org.testng.reporters.JUnitReportReporter -->
<testsuite skipped="0" hostname="DESKTOP-6T9AHA3" name="interrogation.VisibilityConditions" tests="1" failures="0" timestamp="2023-05-09T13:31:11 EDT" time="6.930" errors="0">
  <testcase name="testVisibilityConditions" time="6.930" classname="interrogation.VisibilityConditions"/>
  <system-out/>
</testsuite> <!-- interrogation.VisibilityConditions -->
