<?xml version="1.0" encoding="UTF-8"?>
<!-- Generated by org.testng.reporters.JUnitReportReporter -->
<testsuite skipped="0" hostname="DESKTOP-6T9AHA3" name="webelementMethods.FontTypeSizeColor" tests="1" failures="0" timestamp="2023-05-09T15:44:48 EDT" time="2.909" errors="0">
  <testcase name="fontTest" time="2.909" classname="webelementMethods.FontTypeSizeColor"/>
  <system-out/>
</testsuite> <!-- webelementMethods.FontTypeSizeColor -->
