<?xml version="1.0" encoding="UTF-8"?>
<!-- Generated by org.testng.reporters.JUnitReportReporter -->
<testsuite skipped="0" hostname="DESKTOP-6T9AHA3" name="mouseAndKeyboardEvents.ContextClick" tests="1" failures="0" timestamp="2023-05-04T12:20:17 EDT" time="8.491" errors="0">
  <testcase name="test_context_click" time="8.491" classname="mouseAndKeyboardEvents.ContextClick"/>
  <system-out/>
</testsuite> <!-- mouseAndKeyboardEvents.ContextClick -->
