<?xml version="1.0" encoding="UTF-8"?>
<!-- Generated by org.testng.reporters.JUnitReportReporter -->
<testsuite skipped="0" hostname="DESKTOP-6T9AHA3" name="handlingFrame.NestedAndIframes" tests="2" failures="0" timestamp="2023-05-08T14:26:27 EDT" time="14.877" errors="0">
  <testcase name="handlingNestedframe" time="2.493" classname="handlingFrame.NestedAndIframes"/>
  <system-out/>
  <testcase name="testIframe" time="12.384" classname="handlingFrame.NestedAndIframes"/>
  <system-out/>
</testsuite> <!-- handlingFrame.NestedAndIframes -->
