<?xml version="1.0" encoding="UTF-8"?>
<!-- Generated by org.testng.reporters.JUnitReportReporter -->
<testsuite skipped="0" hostname="DESKTOP-6T9AHA3" name="handlingAlerts.HandligJavaScriptAlertPopUps$AlertInterface" tests="1" failures="0" timestamp="2020-12-18T03:43:49 EST" time="16.318" errors="0">
  <testcase name="alertWindow" time="16.318" classname="handlingAlerts.HandligJavaScriptAlertPopUps$AlertInterface"/>
  <system-out/>
</testsuite> <!-- handlingAlerts.HandligJavaScriptAlertPopUps$AlertInterface -->
