<?xml version="1.0" encoding="UTF-8"?>
<!-- Generated by org.testng.reporters.JUnitReportReporter -->
<testsuite skipped="0" hostname="DESKTOP-6T9AHA3" name="handlingAjax.AjaxExample" tests="1" failures="0" timestamp="2023-05-03T18:18:14 EDT" time="4.097" errors="0">
  <testcase name="test_AjaxExample" time="4.097" classname="handlingAjax.AjaxExample"/>
  <system-out/>
</testsuite> <!-- handlingAjax.AjaxExample -->
