<?xml version="1.0" encoding="UTF-8"?>
<!-- Generated by org.testng.reporters.JUnitReportReporter -->
<testsuite skipped="0" hostname="DESKTOP-6T9AHA3" name="webelementMethods.ElementSizeLocationTagName" tests="1" failures="0" timestamp="2023-05-09T15:11:38 EDT" time="4.094" errors="0">
  <testcase name="testWebElementMethods" time="4.094" classname="webelementMethods.ElementSizeLocationTagName"/>
  <system-out/>
</testsuite> <!-- webelementMethods.ElementSizeLocationTagName -->
