<?xml version="1.0" encoding="UTF-8"?>
<!-- Generated by org.testng.reporters.JUnitReportReporter -->
<testsuite skipped="0" hostname="DESKTOP-6T9AHA3" name="javascriptExecutor.CurrentUrlAndDomain" tests="1" failures="0" timestamp="2023-05-09T13:31:43 EDT" time="4.707" errors="0">
  <testcase name="getUrlAndDomainName" time="4.707" classname="javascriptExecutor.CurrentUrlAndDomain"/>
  <system-out/>
</testsuite> <!-- javascriptExecutor.CurrentUrlAndDomain -->
