<?xml version="1.0" encoding="UTF-8"?>
<!-- Generated by org.testng.reporters.JUnitReportReporter -->
<testsuite skipped="0" hostname="DESKTOP-6T9AHA3" name="mouseAndKeyboardEvents.MoveByOffset" tests="1" failures="0" timestamp="2023-05-04T12:55:38 EDT" time="7.932" errors="0">
  <testcase name="test_clickhold_move_by_offset" time="7.932" classname="mouseAndKeyboardEvents.MoveByOffset"/>
  <system-out/>
</testsuite> <!-- mouseAndKeyboardEvents.MoveByOffset -->
