<?xml version="1.0" encoding="UTF-8"?>
<!-- Generated by org.testng.reporters.JUnitReportReporter -->
<testsuite hostname="DESKTOP-6T9AHA3" failures="0" tests="2" name="coordinates.XYCoordinates" time="2.799" errors="0" timestamp="2023-11-12T16:41:59 EST" skipped="0">
  <testcase classname="coordinates.XYCoordinates" name="getHeightWidth" time="2.434"/>
  <system-out/>
  <testcase classname="coordinates.XYCoordinates" name="getCoordinates" time="0.365"/>
  <system-out/>
</testsuite> <!-- coordinates.XYCoordinates -->
