<?xml version="1.0" encoding="UTF-8"?>
<!-- Generated by org.testng.reporters.JUnitReportReporter -->
<testsuite skipped="1" hostname="DESKTOP-6T9AHA3" name="handlingFrame.HandlingIFrames" tests="2" failures="0" timestamp="2023-05-08T11:41:36 EDT" time="28.493" errors="0">
  <testcase name="handlingIframe" time="28.493" classname="handlingFrame.HandlingIFrames"/>
  <system-out/>
  <testcase name="multipleFrames" classname="handlingFrame.HandlingIFrames">
    <skipped/>
  </testcase> <!-- multipleFrames -->
  <system-out/>
</testsuite> <!-- handlingFrame.HandlingIFrames -->
