<?xml version="1.0" encoding="UTF-8"?>
<!-- Generated by org.testng.reporters.JUnitReportReporter -->
<testsuite skipped="0" hostname="DESKTOP-6T9AHA3" name="handlingWindow.WindowHandleDemo" tests="1" failures="0" timestamp="2023-06-11T15:03:55 EDT" time="10.884" errors="0">
  <testcase name="handlingMultipleWindows" time="10.884" classname="handlingWindow.WindowHandleDemo"/>
  <system-out/>
</testsuite> <!-- handlingWindow.WindowHandleDemo -->
