<?xml version="1.0" encoding="UTF-8"?>
<!-- Generated by org.testng.reporters.JUnitReportReporter -->
<testsuite skipped="0" hostname="DESKTOP-6T9AHA3" name="handlingCookies.DeleteCookie" tests="1" failures="0" timestamp="2023-05-03T17:39:11 EDT" time="4.080" errors="0">
  <testcase name="testCookie" time="4.080" classname="handlingCookies.DeleteCookie"/>
  <system-out/>
</testsuite> <!-- handlingCookies.DeleteCookie -->
