<?xml version="1.0" encoding="UTF-8"?>
<!-- Generated by org.testng.reporters.JUnitReportReporter -->
<testsuite skipped="0" hostname="DESKTOP-6T9AHA3" name="handlingAlerts.HandligJavaScriptAlertPopUps$AlertInterface" tests="1" failures="0" timestamp="2020-12-20T03:07:41 EST" time="15.413" errors="0">
  <testcase name="alertWindow" time="15.413" classname="handlingAlerts.HandligJavaScriptAlertPopUps$AlertInterface"/>
  <system-out/>
</testsuite> <!-- handlingAlerts.HandligJavaScriptAlertPopUps$AlertInterface -->
