<?xml version="1.0" encoding="UTF-8"?>
<!-- Generated by org.testng.reporters.JUnitReportReporter -->
<testsuite skipped="0" hostname="DESKTOP-6T9AHA3" name="mouseAndKeyboardEvents.KeyBoardActionEvents" tests="2" failures="0" timestamp="2023-05-04T12:08:52 EDT" time="26.278" errors="0">
  <testcase name="test_double_click" time="9.851" classname="mouseAndKeyboardEvents.KeyBoardActionEvents"/>
  <system-out/>
  <testcase name="testClick" time="16.427" classname="mouseAndKeyboardEvents.KeyBoardActionEvents"/>
  <system-out/>
</testsuite> <!-- mouseAndKeyboardEvents.KeyBoardActionEvents -->
